{"/Users/nehajain/Documents/workspace/neha-todo-react/client/src/components/App.jsx": {"path":"/Users/nehajain/Documents/workspace/neha-todo-react/client/src/components/App.jsx","statementMap":{"0":{"start":{"line":13,"column":4},"end":{"line":13,"column":17}},"1":{"start":{"line":17,"column":4},"end":{"line":28,"column":6}}},"fnMap":{"0":{"name":"(anonymous_0)","decl":{"start":{"line":12,"column":2},"end":{"line":12,"column":3}},"loc":{"start":{"line":12,"column":21},"end":{"line":14,"column":3}},"line":12},"1":{"name":"(anonymous_1)","decl":{"start":{"line":16,"column":2},"end":{"line":16,"column":3}},"loc":{"start":{"line":16,"column":11},"end":{"line":29,"column":3}},"line":16}},"branchMap":{},"s":{"0":0,"1":0},"f":{"0":0,"1":0},"b":{},"_coverageSchema":"1a1c01bbd47fc00a2c39e90264f33305004495a9","hash":"aca7514ff639eb74aeff737958c3550a93a5f726"}
,"/Users/nehajain/Documents/workspace/neha-todo-react/client/src/components/pages/AddItem.jsx": {"path":"/Users/nehajain/Documents/workspace/neha-todo-react/client/src/components/pages/AddItem.jsx","statementMap":{"0":{"start":{"line":3,"column":16},"end":{"line":17,"column":1}},"1":{"start":{"line":4,"column":2},"end":{"line":16,"column":4}}},"fnMap":{"0":{"name":"(anonymous_0)","decl":{"start":{"line":3,"column":16},"end":{"line":3,"column":17}},"loc":{"start":{"line":3,"column":27},"end":{"line":17,"column":1}},"line":3}},"branchMap":{},"s":{"0":3,"1":0},"f":{"0":0},"b":{},"_coverageSchema":"1a1c01bbd47fc00a2c39e90264f33305004495a9","hash":"030f760b50e4d29937450339ba2934adea8d9308"}
,"/Users/nehajain/Documents/workspace/neha-todo-react/client/src/components/pages/ListItems.jsx": {"path":"/Users/nehajain/Documents/workspace/neha-todo-react/client/src/components/pages/ListItems.jsx","statementMap":{"0":{"start":{"line":3,"column":18},"end":{"line":29,"column":1}},"1":{"start":{"line":4,"column":2},"end":{"line":28,"column":4}},"2":{"start":{"line":8,"column":10},"end":{"line":23,"column":12}}},"fnMap":{"0":{"name":"(anonymous_0)","decl":{"start":{"line":3,"column":18},"end":{"line":3,"column":19}},"loc":{"start":{"line":3,"column":29},"end":{"line":29,"column":1}},"line":3},"1":{"name":"(anonymous_1)","decl":{"start":{"line":7,"column":25},"end":{"line":7,"column":26}},"loc":{"start":{"line":7,"column":42},"end":{"line":24,"column":9}},"line":7}},"branchMap":{"0":{"loc":{"start":{"line":14,"column":29},"end":{"line":14,"column":64}},"type":"cond-expr","locations":[{"start":{"line":14,"column":43},"end":{"line":14,"column":59}},{"start":{"line":14,"column":62},"end":{"line":14,"column":64}}],"line":14}},"s":{"0":2,"1":0,"2":0},"f":{"0":0,"1":0},"b":{"0":[0,0]},"_coverageSchema":"1a1c01bbd47fc00a2c39e90264f33305004495a9","hash":"f6e59eaf28542c507cc0c767885fa09c45653caa"}
,"/Users/nehajain/Documents/workspace/neha-todo-react/client/src/components/pages/home.jsx": {"path":"/Users/nehajain/Documents/workspace/neha-todo-react/client/src/components/pages/home.jsx","statementMap":{"0":{"start":{"line":11,"column":4},"end":{"line":11,"column":17}},"1":{"start":{"line":12,"column":4},"end":{"line":14,"column":6}},"2":{"start":{"line":15,"column":4},"end":{"line":15,"column":43}},"3":{"start":{"line":16,"column":4},"end":{"line":16,"column":49}},"4":{"start":{"line":17,"column":4},"end":{"line":17,"column":63}},"5":{"start":{"line":18,"column":4},"end":{"line":18,"column":53}},"6":{"start":{"line":19,"column":4},"end":{"line":19,"column":47}},"7":{"start":{"line":23,"column":17},"end":{"line":23,"column":39}},"8":{"start":{"line":24,"column":4},"end":{"line":24,"column":25}},"9":{"start":{"line":25,"column":4},"end":{"line":25,"column":29}},"10":{"start":{"line":29,"column":24},"end":{"line":29,"column":46}},"11":{"start":{"line":30,"column":4},"end":{"line":32,"column":7}},"12":{"start":{"line":33,"column":4},"end":{"line":36,"column":7}},"13":{"start":{"line":40,"column":15},"end":{"line":40,"column":38}},"14":{"start":{"line":41,"column":18},"end":{"line":41,"column":64}},"15":{"start":{"line":41,"column":52},"end":{"line":41,"column":63}},"16":{"start":{"line":42,"column":22},"end":{"line":42,"column":43}},"17":{"start":{"line":43,"column":4},"end":{"line":43,"column":31}},"18":{"start":{"line":44,"column":4},"end":{"line":44,"column":34}},"19":{"start":{"line":48,"column":15},"end":{"line":48,"column":42}},"20":{"start":{"line":49,"column":18},"end":{"line":49,"column":64}},"21":{"start":{"line":49,"column":52},"end":{"line":49,"column":63}},"22":{"start":{"line":50,"column":22},"end":{"line":50,"column":43}},"23":{"start":{"line":51,"column":4},"end":{"line":51,"column":55}},"24":{"start":{"line":52,"column":4},"end":{"line":52,"column":34}},"25":{"start":{"line":56,"column":4},"end":{"line":58,"column":7}},"26":{"start":{"line":60,"column":4},"end":{"line":60,"column":43}},"27":{"start":{"line":64,"column":4},"end":{"line":64,"column":44}},"28":{"start":{"line":65,"column":4},"end":{"line":65,"column":42}},"29":{"start":{"line":69,"column":4},"end":{"line":83,"column":6}},"30":{"start":{"line":87,"column":27},"end":{"line":105,"column":1}},"31":{"start":{"line":88,"column":2},"end":{"line":104,"column":4}},"32":{"start":{"line":90,"column":6},"end":{"line":93,"column":9}},"33":{"start":{"line":96,"column":6},"end":{"line":99,"column":9}},"34":{"start":{"line":102,"column":6},"end":{"line":102,"column":33}},"35":{"start":{"line":107,"column":24},"end":{"line":112,"column":1}},"36":{"start":{"line":108,"column":2},"end":{"line":111,"column":4}}},"fnMap":{"0":{"name":"(anonymous_0)","decl":{"start":{"line":10,"column":2},"end":{"line":10,"column":3}},"loc":{"start":{"line":10,"column":21},"end":{"line":20,"column":3}},"line":10},"1":{"name":"(anonymous_1)","decl":{"start":{"line":22,"column":2},"end":{"line":22,"column":3}},"loc":{"start":{"line":22,"column":28},"end":{"line":26,"column":3}},"line":22},"2":{"name":"(anonymous_2)","decl":{"start":{"line":28,"column":2},"end":{"line":28,"column":3}},"loc":{"start":{"line":28,"column":12},"end":{"line":37,"column":3}},"line":28},"3":{"name":"(anonymous_3)","decl":{"start":{"line":39,"column":2},"end":{"line":39,"column":3}},"loc":{"start":{"line":39,"column":20},"end":{"line":45,"column":3}},"line":39},"4":{"name":"(anonymous_4)","decl":{"start":{"line":41,"column":45},"end":{"line":41,"column":46}},"loc":{"start":{"line":41,"column":52},"end":{"line":41,"column":63}},"line":41},"5":{"name":"(anonymous_5)","decl":{"start":{"line":47,"column":2},"end":{"line":47,"column":3}},"loc":{"start":{"line":47,"column":22},"end":{"line":53,"column":3}},"line":47},"6":{"name":"(anonymous_6)","decl":{"start":{"line":49,"column":45},"end":{"line":49,"column":46}},"loc":{"start":{"line":49,"column":52},"end":{"line":49,"column":63}},"line":49},"7":{"name":"(anonymous_7)","decl":{"start":{"line":55,"column":2},"end":{"line":55,"column":3}},"loc":{"start":{"line":55,"column":27},"end":{"line":61,"column":3}},"line":55},"8":{"name":"(anonymous_8)","decl":{"start":{"line":63,"column":2},"end":{"line":63,"column":3}},"loc":{"start":{"line":63,"column":20},"end":{"line":66,"column":3}},"line":63},"9":{"name":"(anonymous_9)","decl":{"start":{"line":68,"column":2},"end":{"line":68,"column":3}},"loc":{"start":{"line":68,"column":11},"end":{"line":84,"column":3}},"line":68},"10":{"name":"(anonymous_10)","decl":{"start":{"line":87,"column":27},"end":{"line":87,"column":28}},"loc":{"start":{"line":87,"column":41},"end":{"line":105,"column":1}},"line":87},"11":{"name":"(anonymous_11)","decl":{"start":{"line":89,"column":13},"end":{"line":89,"column":14}},"loc":{"start":{"line":89,"column":23},"end":{"line":94,"column":5}},"line":89},"12":{"name":"(anonymous_12)","decl":{"start":{"line":95,"column":13},"end":{"line":95,"column":14}},"loc":{"start":{"line":95,"column":23},"end":{"line":100,"column":5}},"line":95},"13":{"name":"(anonymous_13)","decl":{"start":{"line":101,"column":13},"end":{"line":101,"column":14}},"loc":{"start":{"line":101,"column":19},"end":{"line":103,"column":5}},"line":101},"14":{"name":"(anonymous_14)","decl":{"start":{"line":107,"column":24},"end":{"line":107,"column":25}},"loc":{"start":{"line":107,"column":35},"end":{"line":112,"column":1}},"line":107}},"branchMap":{},"s":{"0":0,"1":0,"2":0,"3":0,"4":0,"5":0,"6":0,"7":0,"8":0,"9":0,"10":0,"11":0,"12":0,"13":0,"14":0,"15":0,"16":0,"17":0,"18":0,"19":0,"20":0,"21":0,"22":0,"23":0,"24":0,"25":0,"26":0,"27":0,"28":0,"29":0,"30":2,"31":0,"32":0,"33":0,"34":0,"35":2,"36":0},"f":{"0":0,"1":0,"2":0,"3":0,"4":0,"5":0,"6":0,"7":0,"8":0,"9":0,"10":0,"11":0,"12":0,"13":0,"14":0},"b":{},"_coverageSchema":"1a1c01bbd47fc00a2c39e90264f33305004495a9","hash":"6698db76bdce21270cd2c10b09c9aeb2273fc37a"}
,"/Users/nehajain/Documents/workspace/neha-todo-react/client/src/middlewares/thunk.js": {"path":"/Users/nehajain/Documents/workspace/neha-todo-react/client/src/middlewares/thunk.js","statementMap":{"0":{"start":{"line":4,"column":24},"end":{"line":11,"column":1}},"1":{"start":{"line":4,"column":35},"end":{"line":11,"column":1}},"2":{"start":{"line":4,"column":45},"end":{"line":11,"column":1}},"3":{"start":{"line":5,"column":2},"end":{"line":5,"column":28}},"4":{"start":{"line":6,"column":2},"end":{"line":10,"column":3}},"5":{"start":{"line":7,"column":4},"end":{"line":7,"column":50}},"6":{"start":{"line":9,"column":4},"end":{"line":9,"column":24}},"7":{"start":{"line":15,"column":23},"end":{"line":24,"column":1}},"8":{"start":{"line":16,"column":2},"end":{"line":23,"column":4}},"9":{"start":{"line":17,"column":16},"end":{"line":17,"column":32}},"10":{"start":{"line":18,"column":4},"end":{"line":21,"column":7}},"11":{"start":{"line":22,"column":4},"end":{"line":22,"column":40}}},"fnMap":{"0":{"name":"(anonymous_0)","decl":{"start":{"line":4,"column":24},"end":{"line":4,"column":25}},"loc":{"start":{"line":4,"column":35},"end":{"line":11,"column":1}},"line":4},"1":{"name":"(anonymous_1)","decl":{"start":{"line":4,"column":35},"end":{"line":4,"column":36}},"loc":{"start":{"line":4,"column":45},"end":{"line":11,"column":1}},"line":4},"2":{"name":"(anonymous_2)","decl":{"start":{"line":4,"column":45},"end":{"line":4,"column":46}},"loc":{"start":{"line":4,"column":57},"end":{"line":11,"column":1}},"line":4},"3":{"name":"(anonymous_3)","decl":{"start":{"line":15,"column":23},"end":{"line":15,"column":24}},"loc":{"start":{"line":15,"column":29},"end":{"line":24,"column":1}},"line":15},"4":{"name":"(anonymous_4)","decl":{"start":{"line":16,"column":9},"end":{"line":16,"column":10}},"loc":{"start":{"line":16,"column":39},"end":{"line":23,"column":3}},"line":16}},"branchMap":{"0":{"loc":{"start":{"line":6,"column":2},"end":{"line":10,"column":3}},"type":"if","locations":[{"start":{"line":6,"column":2},"end":{"line":10,"column":3}},{"start":{"line":6,"column":2},"end":{"line":10,"column":3}}],"line":6}},"s":{"0":3,"1":1,"2":1,"3":2,"4":2,"5":0,"6":2,"7":3,"8":0,"9":0,"10":0,"11":0},"f":{"0":1,"1":1,"2":2,"3":0,"4":0},"b":{"0":[0,2]},"_coverageSchema":"1a1c01bbd47fc00a2c39e90264f33305004495a9","hash":"c3992c5855a39dc164691892e7344124b2ec72fd"}
,"/Users/nehajain/Documents/workspace/neha-todo-react/client/src/services/todos.js": {"path":"/Users/nehajain/Documents/workspace/neha-todo-react/client/src/services/todos.js","statementMap":{"0":{"start":{"line":3,"column":24},"end":{"line":6,"column":1}},"1":{"start":{"line":4,"column":14},"end":{"line":4,"column":47}},"2":{"start":{"line":5,"column":2},"end":{"line":5,"column":18}},"3":{"start":{"line":8,"column":25},"end":{"line":12,"column":1}},"4":{"start":{"line":9,"column":14},"end":{"line":11,"column":4}}},"fnMap":{"0":{"name":"(anonymous_0)","decl":{"start":{"line":3,"column":24},"end":{"line":3,"column":25}},"loc":{"start":{"line":3,"column":36},"end":{"line":6,"column":1}},"line":3},"1":{"name":"(anonymous_1)","decl":{"start":{"line":8,"column":25},"end":{"line":8,"column":26}},"loc":{"start":{"line":8,"column":41},"end":{"line":12,"column":1}},"line":8}},"branchMap":{},"s":{"0":3,"1":0,"2":0,"3":3,"4":0},"f":{"0":0,"1":0},"b":{},"_coverageSchema":"1a1c01bbd47fc00a2c39e90264f33305004495a9","hash":"f2ef460093049734fa4bc9d7ee6fdcb4d6e62c9f"}
}
